[0m18:55:31.540231 [debug] [MainThread]: Sending event: {'category': 'dbt', 'action': 'invocation', 'label': 'start', 'context': [<snowplow_tracker.self_describing_json.SelfDescribingJson object at 0x7e014d389990>, <snowplow_tracker.self_describing_json.SelfDescribingJson object at 0x7e014ea29e90>, <snowplow_tracker.self_describing_json.SelfDescribingJson object at 0x7e014fbe9850>]}


============================== 18:55:31.568433 | 3bf763a8-9f01-45b3-8b0f-036f664734e0 ==============================
[0m18:55:31.568433 [info ] [MainThread]: Running with dbt=1.7.19
[0m18:55:31.570144 [debug] [MainThread]: running dbt with arguments {'printer_width': '80', 'indirect_selection': 'eager', 'write_json': 'True', 'log_cache_events': 'False', 'partial_parse': 'True', 'cache_selected_only': 'False', 'warn_error': 'None', 'fail_fast': 'False', 'debug': 'False', 'log_path': '/opt/dagster/dbt/logs', 'profiles_dir': '/opt/dagster/dbt', 'version_check': 'True', 'use_colors': 'True', 'use_experimental_parser': 'False', 'no_print': 'None', 'quiet': 'True', 'warn_error_options': 'WarnErrorOptions(include=[], exclude=[])', 'introspect': 'True', 'static_parser': 'True', 'invocation_command': 'dbt deps --quiet', 'target_path': 'None', 'log_format': 'default', 'send_anonymous_usage_stats': 'True'}
[0m18:55:31.809887 [debug] [MainThread]: Sending event: {'category': 'dbt', 'action': 'project_id', 'label': '3bf763a8-9f01-45b3-8b0f-036f664734e0', 'context': [<snowplow_tracker.self_describing_json.SelfDescribingJson object at 0x7e014d0f8d10>]}
[0m18:55:31.823684 [debug] [MainThread]: Set downloads directory='/tmp/dbt-downloads-923w507x'
[0m18:55:31.824399 [debug] [MainThread]: Making package index registry request: GET https://hub.getdbt.com/api/v1/index.json
[0m18:55:32.751633 [debug] [MainThread]: Response from registry index: GET https://hub.getdbt.com/api/v1/index.json 200
[0m18:55:32.757144 [debug] [MainThread]: Making package registry request: GET https://hub.getdbt.com/api/v1/dbt-labs/dbt_utils.json
[0m18:55:33.158175 [debug] [MainThread]: Response from registry: GET https://hub.getdbt.com/api/v1/dbt-labs/dbt_utils.json 200
[0m18:55:33.283330 [info ] [MainThread]: Updating lock file in file path: /opt/dagster/dbt/package-lock.yml
[0m18:55:33.290427 [debug] [MainThread]: Set downloads directory='/tmp/dbt-downloads-8ta36sb4'
[0m18:55:33.301947 [info ] [MainThread]: Installing dbt-labs/dbt_utils
[0m18:55:34.167412 [info ] [MainThread]: Installed from version 1.3.3
[0m18:55:34.167738 [info ] [MainThread]: Up to date!
[0m18:55:34.168347 [debug] [MainThread]: Sending event: {'category': 'dbt', 'action': 'package', 'label': '3bf763a8-9f01-45b3-8b0f-036f664734e0', 'property_': 'install', 'context': [<snowplow_tracker.self_describing_json.SelfDescribingJson object at 0x7e014d158550>, <snowplow_tracker.self_describing_json.SelfDescribingJson object at 0x7e014d158050>]}
[0m18:55:34.171444 [debug] [MainThread]: Resource report: {"command_name": "deps", "command_success": true, "command_wall_clock_time": 2.8617911, "process_user_time": 2.783207, "process_kernel_time": 0.728352, "process_mem_max_rss": "112060", "process_in_blocks": "97752", "process_out_blocks": "5264"}
[0m18:55:34.172319 [debug] [MainThread]: Command `dbt deps` succeeded at 18:55:34.172134 after 2.86 seconds
[0m18:55:34.172871 [debug] [MainThread]: Sending event: {'category': 'dbt', 'action': 'invocation', 'label': 'end', 'context': [<snowplow_tracker.self_describing_json.SelfDescribingJson object at 0x7e014d1fc1d0>, <snowplow_tracker.self_describing_json.SelfDescribingJson object at 0x7e014e73bad0>, <snowplow_tracker.self_describing_json.SelfDescribingJson object at 0x7e01520bae90>]}
[0m18:55:34.173358 [debug] [MainThread]: Flushing usage events
[0m18:55:39.203397 [debug] [MainThread]: Sending event: {'category': 'dbt', 'action': 'invocation', 'label': 'start', 'context': [<snowplow_tracker.self_describing_json.SelfDescribingJson object at 0x7f46a8aeb890>, <snowplow_tracker.self_describing_json.SelfDescribingJson object at 0x7f46a8b27c10>, <snowplow_tracker.self_describing_json.SelfDescribingJson object at 0x7f46a8c06510>]}


============================== 18:55:39.207111 | 41c64319-a235-4157-8edb-7ca6446e54a7 ==============================
[0m18:55:39.207111 [info ] [MainThread]: Running with dbt=1.7.19
[0m18:55:39.207674 [debug] [MainThread]: running dbt with arguments {'printer_width': '80', 'indirect_selection': 'eager', 'write_json': 'True', 'log_cache_events': 'False', 'partial_parse': 'True', 'cache_selected_only': 'False', 'warn_error': 'None', 'debug': 'False', 'version_check': 'True', 'log_path': '/opt/dagster/dbt/logs', 'profiles_dir': '/opt/dagster/dbt', 'fail_fast': 'False', 'use_colors': 'True', 'use_experimental_parser': 'False', 'no_print': 'None', 'quiet': 'True', 'log_format': 'default', 'introspect': 'True', 'warn_error_options': 'WarnErrorOptions(include=[], exclude=[])', 'invocation_command': 'dbt compile --target dev --quiet', 'target_path': 'None', 'static_parser': 'True', 'send_anonymous_usage_stats': 'True'}
[0m18:55:39.211146 [error] [MainThread]: Encountered an error:
Runtime Error
  Could not find profile named 'sdd_kafka_snowflake'
[0m18:55:39.212436 [debug] [MainThread]: Resource report: {"command_name": "compile", "command_wall_clock_time": 0.07804, "process_user_time": 1.907496, "process_kernel_time": 0.850679, "process_mem_max_rss": "107360", "process_in_blocks": "16", "process_out_blocks": "8", "command_success": false}
[0m18:55:39.212992 [debug] [MainThread]: Command `dbt compile` failed at 18:55:39.212844 after 0.08 seconds
[0m18:55:39.213406 [debug] [MainThread]: Sending event: {'category': 'dbt', 'action': 'invocation', 'label': 'end', 'context': [<snowplow_tracker.self_describing_json.SelfDescribingJson object at 0x7f46a8cc3c90>, <snowplow_tracker.self_describing_json.SelfDescribingJson object at 0x7f46a8b2c590>, <snowplow_tracker.self_describing_json.SelfDescribingJson object at 0x7f46adae2910>]}
[0m18:55:39.213859 [debug] [MainThread]: Flushing usage events
[0m19:27:34.606634 [debug] [MainThread]: Sending event: {'category': 'dbt', 'action': 'invocation', 'label': 'start', 'context': [<snowplow_tracker.self_describing_json.SelfDescribingJson object at 0x736313c9ae50>, <snowplow_tracker.self_describing_json.SelfDescribingJson object at 0x7363148aa790>, <snowplow_tracker.self_describing_json.SelfDescribingJson object at 0x736315073f50>]}


============================== 19:27:34.614896 | f2801786-4ef5-4069-a35f-a973241000c2 ==============================
[0m19:27:34.614896 [info ] [MainThread]: Running with dbt=1.7.19
[0m19:27:34.615504 [debug] [MainThread]: running dbt with arguments {'printer_width': '80', 'indirect_selection': 'eager', 'write_json': 'True', 'log_cache_events': 'False', 'partial_parse': 'True', 'cache_selected_only': 'False', 'warn_error': 'None', 'debug': 'False', 'profiles_dir': '/opt/dagster/dbt', 'log_path': '/opt/dagster/dbt/logs', 'fail_fast': 'False', 'version_check': 'True', 'use_colors': 'True', 'use_experimental_parser': 'False', 'no_print': 'None', 'quiet': 'True', 'warn_error_options': 'WarnErrorOptions(include=[], exclude=[])', 'introspect': 'True', 'invocation_command': 'dbt deps --quiet', 'static_parser': 'True', 'target_path': 'None', 'log_format': 'default', 'send_anonymous_usage_stats': 'True'}
[0m19:27:35.060082 [debug] [MainThread]: Sending event: {'category': 'dbt', 'action': 'project_id', 'label': 'f2801786-4ef5-4069-a35f-a973241000c2', 'context': [<snowplow_tracker.self_describing_json.SelfDescribingJson object at 0x736313b9dd90>]}
[0m19:27:35.080243 [debug] [MainThread]: Set downloads directory='/tmp/dbt-downloads-49_716xy'
[0m19:27:35.080723 [debug] [MainThread]: Making package index registry request: GET https://hub.getdbt.com/api/v1/index.json
[0m19:27:36.351928 [debug] [MainThread]: Response from registry index: GET https://hub.getdbt.com/api/v1/index.json 200
[0m19:27:36.363513 [debug] [MainThread]: Making package registry request: GET https://hub.getdbt.com/api/v1/dbt-labs/dbt_utils.json
[0m19:27:36.846549 [debug] [MainThread]: Response from registry: GET https://hub.getdbt.com/api/v1/dbt-labs/dbt_utils.json 200
[0m19:27:36.868908 [info ] [MainThread]: Installing dbt-labs/dbt_utils
[0m19:27:37.569359 [info ] [MainThread]: Installed from version 1.3.3
[0m19:27:37.569905 [info ] [MainThread]: Up to date!
[0m19:27:37.570223 [debug] [MainThread]: Sending event: {'category': 'dbt', 'action': 'package', 'label': 'f2801786-4ef5-4069-a35f-a973241000c2', 'property_': 'install', 'context': [<snowplow_tracker.self_describing_json.SelfDescribingJson object at 0x736313bb0650>, <snowplow_tracker.self_describing_json.SelfDescribingJson object at 0x736313be8cd0>]}
[0m19:27:37.574548 [debug] [MainThread]: Resource report: {"command_name": "deps", "command_success": true, "command_wall_clock_time": 3.0383606, "process_user_time": 2.603391, "process_kernel_time": 1.152147, "process_mem_max_rss": "111784", "process_in_blocks": "50968", "process_out_blocks": "5256"}
[0m19:27:37.576256 [debug] [MainThread]: Command `dbt deps` succeeded at 19:27:37.575722 after 3.04 seconds
[0m19:27:37.577112 [debug] [MainThread]: Sending event: {'category': 'dbt', 'action': 'invocation', 'label': 'end', 'context': [<snowplow_tracker.self_describing_json.SelfDescribingJson object at 0x736314032fd0>, <snowplow_tracker.self_describing_json.SelfDescribingJson object at 0x736313b5ab50>, <snowplow_tracker.self_describing_json.SelfDescribingJson object at 0x736313fc1150>]}
[0m19:27:37.578468 [debug] [MainThread]: Flushing usage events
[0m19:27:41.251373 [debug] [MainThread]: Sending event: {'category': 'dbt', 'action': 'invocation', 'label': 'start', 'context': [<snowplow_tracker.self_describing_json.SelfDescribingJson object at 0x7c1dad026550>, <snowplow_tracker.self_describing_json.SelfDescribingJson object at 0x7c1dadcbd690>, <snowplow_tracker.self_describing_json.SelfDescribingJson object at 0x7c1dad025790>]}


============================== 19:27:41.253916 | 2517cc46-a621-4348-b7df-7692675d8f34 ==============================
[0m19:27:41.253916 [info ] [MainThread]: Running with dbt=1.7.19
[0m19:27:41.254276 [debug] [MainThread]: running dbt with arguments {'printer_width': '80', 'indirect_selection': 'eager', 'log_cache_events': 'False', 'write_json': 'True', 'partial_parse': 'True', 'cache_selected_only': 'False', 'warn_error': 'None', 'debug': 'False', 'version_check': 'True', 'log_path': '/opt/dagster/dbt/logs', 'fail_fast': 'False', 'profiles_dir': '/opt/dagster/dbt', 'use_colors': 'True', 'use_experimental_parser': 'False', 'no_print': 'None', 'quiet': 'True', 'warn_error_options': 'WarnErrorOptions(include=[], exclude=[])', 'invocation_command': 'dbt compile --target dev --quiet', 'log_format': 'default', 'static_parser': 'True', 'target_path': 'None', 'introspect': 'True', 'send_anonymous_usage_stats': 'True'}
[0m19:27:41.256282 [error] [MainThread]: Encountered an error:
Runtime Error
  Could not find profile named 'sdd_kafka_snowflake'
[0m19:27:41.257160 [debug] [MainThread]: Resource report: {"command_name": "compile", "command_wall_clock_time": 0.059607632, "process_user_time": 1.583879, "process_kernel_time": 0.303866, "process_mem_max_rss": "107464", "command_success": false, "process_in_blocks": "0", "process_out_blocks": "0"}
[0m19:27:41.257505 [debug] [MainThread]: Command `dbt compile` failed at 19:27:41.257419 after 0.06 seconds
[0m19:27:41.257797 [debug] [MainThread]: Sending event: {'category': 'dbt', 'action': 'invocation', 'label': 'end', 'context': [<snowplow_tracker.self_describing_json.SelfDescribingJson object at 0x7c1dad026290>, <snowplow_tracker.self_describing_json.SelfDescribingJson object at 0x7c1dad025550>, <snowplow_tracker.self_describing_json.SelfDescribingJson object at 0x7c1dacf482d0>]}
[0m19:27:41.258075 [debug] [MainThread]: Flushing usage events
[0m19:49:31.133461 [debug] [MainThread]: Sending event: {'category': 'dbt', 'action': 'invocation', 'label': 'start', 'context': [<snowplow_tracker.self_describing_json.SelfDescribingJson object at 0x75d6d38582d0>, <snowplow_tracker.self_describing_json.SelfDescribingJson object at 0x75d6d4486510>, <snowplow_tracker.self_describing_json.SelfDescribingJson object at 0x75d6d3a53f90>]}


============================== 19:49:31.158872 | 6ebf8c52-e91f-4368-a48b-64bda288ba7a ==============================
[0m19:49:31.158872 [info ] [MainThread]: Running with dbt=1.7.19
[0m19:49:31.159606 [debug] [MainThread]: running dbt with arguments {'printer_width': '80', 'indirect_selection': 'eager', 'log_cache_events': 'False', 'write_json': 'True', 'partial_parse': 'True', 'cache_selected_only': 'False', 'profiles_dir': '/opt/dagster/dbt', 'version_check': 'True', 'warn_error': 'None', 'log_path': '/opt/dagster/dbt/logs', 'fail_fast': 'False', 'debug': 'False', 'use_colors': 'True', 'use_experimental_parser': 'False', 'no_print': 'None', 'quiet': 'True', 'warn_error_options': 'WarnErrorOptions(include=[], exclude=[])', 'invocation_command': 'dbt deps --quiet', 'introspect': 'True', 'static_parser': 'True', 'target_path': 'None', 'log_format': 'default', 'send_anonymous_usage_stats': 'True'}
[0m19:49:31.719956 [debug] [MainThread]: Sending event: {'category': 'dbt', 'action': 'project_id', 'label': '6ebf8c52-e91f-4368-a48b-64bda288ba7a', 'context': [<snowplow_tracker.self_describing_json.SelfDescribingJson object at 0x75d6d37d0ad0>]}
[0m19:49:31.742175 [debug] [MainThread]: Set downloads directory='/tmp/dbt-downloads-d97gjhnt'
[0m19:49:31.742685 [debug] [MainThread]: Making package index registry request: GET https://hub.getdbt.com/api/v1/index.json
[0m19:49:33.142816 [debug] [MainThread]: Response from registry index: GET https://hub.getdbt.com/api/v1/index.json 200
[0m19:49:33.147708 [debug] [MainThread]: Making package registry request: GET https://hub.getdbt.com/api/v1/dbt-labs/dbt_utils.json
[0m19:49:33.636205 [debug] [MainThread]: Response from registry: GET https://hub.getdbt.com/api/v1/dbt-labs/dbt_utils.json 200
[0m19:49:33.647622 [info ] [MainThread]: Installing dbt-labs/dbt_utils
[0m19:49:34.484335 [info ] [MainThread]: Installed from version 1.3.3
[0m19:49:34.484856 [info ] [MainThread]: Up to date!
[0m19:49:34.485136 [debug] [MainThread]: Sending event: {'category': 'dbt', 'action': 'package', 'label': '6ebf8c52-e91f-4368-a48b-64bda288ba7a', 'property_': 'install', 'context': [<snowplow_tracker.self_describing_json.SelfDescribingJson object at 0x75d6d373b590>, <snowplow_tracker.self_describing_json.SelfDescribingJson object at 0x75d6d375c190>]}
[0m19:49:34.490194 [debug] [MainThread]: Resource report: {"command_name": "deps", "command_success": true, "command_wall_clock_time": 3.4713151, "process_user_time": 2.657117, "process_kernel_time": 0.9011, "process_mem_max_rss": "111876", "process_in_blocks": "64984", "process_out_blocks": "5256"}
[0m19:49:34.491242 [debug] [MainThread]: Command `dbt deps` succeeded at 19:49:34.491025 after 3.47 seconds
[0m19:49:34.495202 [debug] [MainThread]: Sending event: {'category': 'dbt', 'action': 'invocation', 'label': 'end', 'context': [<snowplow_tracker.self_describing_json.SelfDescribingJson object at 0x75d6d380b650>, <snowplow_tracker.self_describing_json.SelfDescribingJson object at 0x75d6d3779ad0>, <snowplow_tracker.self_describing_json.SelfDescribingJson object at 0x75d6d3858490>]}
[0m19:49:34.496097 [debug] [MainThread]: Flushing usage events
[0m19:49:39.794226 [debug] [MainThread]: Sending event: {'category': 'dbt', 'action': 'invocation', 'label': 'start', 'context': [<snowplow_tracker.self_describing_json.SelfDescribingJson object at 0x79ad75e46890>, <snowplow_tracker.self_describing_json.SelfDescribingJson object at 0x79ad766d9250>, <snowplow_tracker.self_describing_json.SelfDescribingJson object at 0x79ad75e46c50>]}


============================== 19:49:39.798386 | 9298c0e5-69f8-43c2-a6d5-fde14fe43713 ==============================
[0m19:49:39.798386 [info ] [MainThread]: Running with dbt=1.7.19
[0m19:49:39.799409 [debug] [MainThread]: running dbt with arguments {'printer_width': '80', 'indirect_selection': 'eager', 'log_cache_events': 'False', 'write_json': 'True', 'partial_parse': 'True', 'cache_selected_only': 'False', 'profiles_dir': '/opt/dagster/dbt', 'fail_fast': 'False', 'warn_error': 'None', 'log_path': '/opt/dagster/dbt/logs', 'version_check': 'True', 'debug': 'False', 'use_colors': 'True', 'use_experimental_parser': 'False', 'no_print': 'None', 'quiet': 'True', 'warn_error_options': 'WarnErrorOptions(include=[], exclude=[])', 'invocation_command': 'dbt compile --target dev --quiet', 'log_format': 'default', 'static_parser': 'True', 'target_path': 'None', 'introspect': 'True', 'send_anonymous_usage_stats': 'True'}
[0m19:49:39.801972 [error] [MainThread]: Encountered an error:
Runtime Error
  Could not find profile named 'sdd_kafka_snowflake'
[0m19:49:39.830629 [debug] [MainThread]: Resource report: {"command_name": "compile", "command_wall_clock_time": 0.16924232, "process_user_time": 1.919983, "process_kernel_time": 0.478531, "process_mem_max_rss": "107024", "process_in_blocks": "96", "process_out_blocks": "8", "command_success": false}
[0m19:49:39.831354 [debug] [MainThread]: Command `dbt compile` failed at 19:49:39.831157 after 0.17 seconds
[0m19:49:39.831733 [debug] [MainThread]: Sending event: {'category': 'dbt', 'action': 'invocation', 'label': 'end', 'context': [<snowplow_tracker.self_describing_json.SelfDescribingJson object at 0x79ad75ca5f10>, <snowplow_tracker.self_describing_json.SelfDescribingJson object at 0x79ad75ca7990>, <snowplow_tracker.self_describing_json.SelfDescribingJson object at 0x79ad76118750>]}
[0m19:49:39.832101 [debug] [MainThread]: Flushing usage events
